<?xml version="1.0" ?>
<!DOCTYPE coverage SYSTEM "http://cobertura.sourceforge.net/xml/coverage-04.dtd">
<coverage lines-valid="379" lines-covered="266" line-rate="0.7018000000000001" branches-valid="83" branches-covered="32" branch-rate="0.38549999999999995" timestamp="1749523255526" complexity="0" version="0.1">
  <sources>
    <source>/home/alan/Documentos/cocos-challenge</source>
  </sources>
  <packages>
    <package name="src" line-rate="0.40740000000000004" branch-rate="0">
      <classes>
        <class name="app.ts" filename="src/app.ts" line-rate="0.9166" branch-rate="1">
          <methods>
            <method name="(anonymous_1)" hits="0" signature="()V">
              <lines>
                <line number="13" hits="0"/>
              </lines>
            </method>
          </methods>
          <lines>
            <line number="1" hits="2" branch="false"/>
            <line number="2" hits="2" branch="false"/>
            <line number="3" hits="2" branch="false"/>
            <line number="4" hits="2" branch="false"/>
            <line number="6" hits="2" branch="false"/>
            <line number="9" hits="2" branch="false"/>
            <line number="10" hits="2" branch="false"/>
            <line number="13" hits="2" branch="false"/>
            <line number="14" hits="0" branch="false"/>
            <line number="17" hits="2" branch="false"/>
            <line number="20" hits="2" branch="false"/>
            <line number="22" hits="2" branch="false"/>
          </lines>
        </class>
        <class name="index.ts" filename="src/index.ts" line-rate="0" branch-rate="0">
          <methods>
            <method name="(anonymous_1)" hits="0" signature="()V">
              <lines>
                <line number="5" hits="0"/>
              </lines>
            </method>
            <method name="(anonymous_2)" hits="0" signature="()V">
              <lines>
                <line number="16" hits="0"/>
              </lines>
            </method>
          </methods>
          <lines>
            <line number="1" hits="0" branch="false"/>
            <line number="2" hits="0" branch="false"/>
            <line number="3" hits="0" branch="false"/>
            <line number="5" hits="0" branch="false"/>
            <line number="6" hits="0" branch="true" condition-coverage="0% (0/3)"/>
            <line number="7" hits="0" branch="false"/>
            <line number="8" hits="0" branch="false"/>
            <line number="9" hits="0" branch="false"/>
            <line number="11" hits="0" branch="false"/>
            <line number="12" hits="0" branch="false"/>
            <line number="16" hits="0" branch="false"/>
            <line number="17" hits="0" branch="false"/>
            <line number="21" hits="0" branch="true" condition-coverage="0% (0/1)"/>
            <line number="22" hits="0" branch="false"/>
            <line number="25" hits="0" branch="false"/>
          </lines>
        </class>
      </classes>
    </package>
    <package name="src.config" line-rate="1" branch-rate="0.5">
      <classes>
        <class name="database.ts" filename="src/config/database.ts" line-rate="1" branch-rate="0.5">
          <methods>
          </methods>
          <lines>
            <line number="1" hits="4" branch="false"/>
            <line number="2" hits="4" branch="false"/>
            <line number="4" hits="4" branch="false"/>
          </lines>
        </class>
        <class name="index.ts" filename="src/config/index.ts" line-rate="1" branch-rate="0.5">
          <methods>
          </methods>
          <lines>
            <line number="1" hits="4" branch="false"/>
            <line number="3" hits="4" branch="false"/>
          </lines>
        </class>
      </classes>
    </package>
    <package name="src.constants" line-rate="1" branch-rate="1">
      <classes>
        <class name="httpStatus.ts" filename="src/constants/httpStatus.ts" line-rate="1" branch-rate="1">
          <methods>
          </methods>
          <lines>
            <line number="1" hits="4" branch="false"/>
          </lines>
        </class>
      </classes>
    </package>
    <package name="src.controllers" line-rate="0.7826000000000001" branch-rate="1">
      <classes>
        <class name="instrumentsController.ts" filename="src/controllers/instrumentsController.ts" line-rate="1" branch-rate="1">
          <methods>
            <method name="(anonymous_0)" hits="7" signature="()V">
              <lines>
                <line number="4" hits="7"/>
              </lines>
            </method>
          </methods>
          <lines>
            <line number="2" hits="2" branch="false"/>
            <line number="4" hits="2" branch="false"/>
            <line number="5" hits="7" branch="false"/>
            <line number="6" hits="7" branch="false"/>
            <line number="7" hits="7" branch="false"/>
            <line number="13" hits="6" branch="false"/>
            <line number="15" hits="1" branch="false"/>
          </lines>
        </class>
        <class name="ordersController.ts" filename="src/controllers/ordersController.ts" line-rate="0.375" branch-rate="1">
          <methods>
            <method name="(anonymous_0)" hits="0" signature="()V">
              <lines>
                <line number="7" hits="0"/>
              </lines>
            </method>
          </methods>
          <lines>
            <line number="3" hits="2" branch="false"/>
            <line number="4" hits="2" branch="false"/>
            <line number="7" hits="2" branch="false"/>
            <line number="8" hits="0" branch="false"/>
            <line number="9" hits="0" branch="false"/>
            <line number="10" hits="0" branch="false"/>
            <line number="11" hits="0" branch="false"/>
            <line number="13" hits="0" branch="false"/>
          </lines>
        </class>
        <class name="portfolioController.ts" filename="src/controllers/portfolioController.ts" line-rate="1" branch-rate="1">
          <methods>
            <method name="(anonymous_0)" hits="3" signature="()V">
              <lines>
                <line number="6" hits="3"/>
              </lines>
            </method>
          </methods>
          <lines>
            <line number="3" hits="2" branch="false"/>
            <line number="4" hits="2" branch="false"/>
            <line number="6" hits="2" branch="false"/>
            <line number="7" hits="3" branch="false"/>
            <line number="8" hits="3" branch="false"/>
            <line number="9" hits="3" branch="false"/>
            <line number="10" hits="2" branch="false"/>
            <line number="12" hits="1" branch="false"/>
          </lines>
        </class>
      </classes>
    </package>
    <package name="src.enums" line-rate="1" branch-rate="1">
      <classes>
        <class name="instruments.ts" filename="src/enums/instruments.ts" line-rate="1" branch-rate="1">
          <methods>
            <method name="(anonymous_0)" hits="2" signature="()V">
              <lines>
                <line number="1" hits="2"/>
              </lines>
            </method>
          </methods>
          <lines>
            <line number="1" hits="2" branch="true" condition-coverage="100% (2/2)"/>
            <line number="2" hits="2" branch="false"/>
            <line number="3" hits="2" branch="false"/>
          </lines>
        </class>
        <class name="orders.ts" filename="src/enums/orders.ts" line-rate="1" branch-rate="1">
          <methods>
            <method name="(anonymous_0)" hits="3" signature="()V">
              <lines>
                <line number="1" hits="3"/>
              </lines>
            </method>
            <method name="(anonymous_1)" hits="3" signature="()V">
              <lines>
                <line number="6" hits="3"/>
              </lines>
            </method>
            <method name="(anonymous_2)" hits="3" signature="()V">
              <lines>
                <line number="13" hits="3"/>
              </lines>
            </method>
          </methods>
          <lines>
            <line number="1" hits="3" branch="true" condition-coverage="100% (2/2)"/>
            <line number="2" hits="3" branch="false"/>
            <line number="3" hits="3" branch="false"/>
            <line number="6" hits="3" branch="true" condition-coverage="100% (2/2)"/>
            <line number="7" hits="3" branch="false"/>
            <line number="8" hits="3" branch="false"/>
            <line number="9" hits="3" branch="false"/>
            <line number="10" hits="3" branch="false"/>
            <line number="13" hits="3" branch="true" condition-coverage="100% (2/2)"/>
            <line number="14" hits="3" branch="false"/>
            <line number="15" hits="3" branch="false"/>
            <line number="16" hits="3" branch="false"/>
            <line number="17" hits="3" branch="false"/>
          </lines>
        </class>
      </classes>
    </package>
    <package name="src.middleware" line-rate="0.909" branch-rate="0.7142000000000001">
      <classes>
        <class name="errorMiddleware.ts" filename="src/middleware/errorMiddleware.ts" line-rate="1" branch-rate="0.6666">
          <methods>
            <method name="(anonymous_0)" hits="4" signature="()V">
              <lines>
                <line number="12" hits="4"/>
              </lines>
            </method>
          </methods>
          <lines>
            <line number="2" hits="2" branch="false"/>
            <line number="12" hits="2" branch="false"/>
            <line number="13" hits="4" branch="false"/>
            <line number="20" hits="4" branch="true" condition-coverage="50% (1/2)"/>
            <line number="21" hits="4" branch="true" condition-coverage="100% (2/2)"/>
            <line number="22" hits="4" branch="true" condition-coverage="50% (1/2)"/>
            <line number="23" hits="4" branch="false"/>
            <line number="25" hits="4" branch="false"/>
            <line number="31" hits="4" branch="false"/>
          </lines>
        </class>
        <class name="validateRequest.ts" filename="src/middleware/validateRequest.ts" line-rate="0.875" branch-rate="1">
          <methods>
            <method name="(anonymous_0)" hits="12" signature="()V">
              <lines>
                <line number="9" hits="12"/>
              </lines>
            </method>
            <method name="(anonymous_1)" hits="2" signature="()V">
              <lines>
                <line number="13" hits="2"/>
              </lines>
            </method>
            <method name="(anonymous_2)" hits="2" signature="()V">
              <lines>
                <line number="19" hits="2"/>
              </lines>
            </method>
            <method name="(anonymous_3)" hits="8" signature="()V">
              <lines>
                <line number="20" hits="8"/>
              </lines>
            </method>
            <method name="(anonymous_4)" hits="2" signature="()V">
              <lines>
                <line number="27" hits="2"/>
              </lines>
            </method>
            <method name="(anonymous_5)" hits="4" signature="()V">
              <lines>
                <line number="28" hits="4"/>
              </lines>
            </method>
            <method name="(anonymous_6)" hits="2" signature="()V">
              <lines>
                <line number="35" hits="2"/>
              </lines>
            </method>
            <method name="(anonymous_7)" hits="0" signature="()V">
              <lines>
                <line number="36" hits="0"/>
              </lines>
            </method>
          </methods>
          <lines>
            <line number="4" hits="2" branch="false"/>
            <line number="5" hits="2" branch="false"/>
            <line number="6" hits="2" branch="false"/>
            <line number="7" hits="2" branch="false"/>
            <line number="9" hits="2" branch="false"/>
            <line number="10" hits="12" branch="false"/>
            <line number="12" hits="12" branch="true" condition-coverage="100% (1/1)"/>
            <line number="13" hits="2" branch="false"/>
            <line number="15" hits="2" branch="false"/>
            <line number="19" hits="2" branch="false"/>
            <line number="20" hits="2" branch="false"/>
            <line number="21" hits="8" branch="false"/>
            <line number="22" hits="8" branch="false"/>
            <line number="23" hits="7" branch="false"/>
            <line number="27" hits="2" branch="false"/>
            <line number="28" hits="2" branch="false"/>
            <line number="29" hits="4" branch="false"/>
            <line number="30" hits="4" branch="false"/>
            <line number="31" hits="3" branch="false"/>
            <line number="35" hits="2" branch="false"/>
            <line number="36" hits="2" branch="false"/>
            <line number="37" hits="0" branch="false"/>
            <line number="38" hits="0" branch="false"/>
            <line number="39" hits="0" branch="false"/>
          </lines>
        </class>
      </classes>
    </package>
    <package name="src.models" line-rate="0.9268000000000001" branch-rate="1">
      <classes>
        <class name="instruments.ts" filename="src/models/instruments.ts" line-rate="1" branch-rate="1">
          <methods>
          </methods>
          <lines>
            <line number="1" hits="2" branch="false"/>
            <line number="4" hits="2" branch="false"/>
            <line number="6" hits="2" branch="false"/>
            <line number="9" hits="2" branch="false"/>
            <line number="12" hits="2" branch="false"/>
            <line number="15" hits="2" branch="false"/>
          </lines>
        </class>
        <class name="marketData.ts" filename="src/models/marketData.ts" line-rate="0.9229999999999999" branch-rate="1">
          <methods>
            <method name="(anonymous_2)" hits="0" signature="()V">
              <lines>
                <line number="12" hits="0"/>
              </lines>
            </method>
          </methods>
          <lines>
            <line number="1" hits="2" branch="false"/>
            <line number="2" hits="2" branch="false"/>
            <line number="5" hits="2" branch="false"/>
            <line number="7" hits="2" branch="false"/>
            <line number="10" hits="2" branch="false"/>
            <line number="12" hits="0" branch="false"/>
            <line number="14" hits="2" branch="false"/>
            <line number="17" hits="2" branch="false"/>
            <line number="20" hits="2" branch="false"/>
            <line number="23" hits="2" branch="false"/>
            <line number="26" hits="2" branch="false"/>
            <line number="29" hits="2" branch="false"/>
            <line number="32" hits="2" branch="false"/>
          </lines>
        </class>
        <class name="orders.ts" filename="src/models/orders.ts" line-rate="0.8823000000000001" branch-rate="1">
          <methods>
            <method name="(anonymous_2)" hits="0" signature="()V">
              <lines>
                <line number="13" hits="0"/>
              </lines>
            </method>
            <method name="(anonymous_3)" hits="0" signature="()V">
              <lines>
                <line number="20" hits="0"/>
              </lines>
            </method>
          </methods>
          <lines>
            <line number="1" hits="2" branch="false"/>
            <line number="2" hits="2" branch="false"/>
            <line number="3" hits="2" branch="false"/>
            <line number="6" hits="2" branch="false"/>
            <line number="8" hits="2" branch="false"/>
            <line number="11" hits="2" branch="false"/>
            <line number="13" hits="0" branch="false"/>
            <line number="15" hits="2" branch="false"/>
            <line number="18" hits="2" branch="false"/>
            <line number="20" hits="0" branch="false"/>
            <line number="22" hits="2" branch="false"/>
            <line number="25" hits="2" branch="false"/>
            <line number="28" hits="2" branch="false"/>
            <line number="31" hits="2" branch="false"/>
            <line number="34" hits="2" branch="false"/>
            <line number="37" hits="2" branch="false"/>
            <line number="40" hits="2" branch="false"/>
          </lines>
        </class>
        <class name="user.ts" filename="src/models/user.ts" line-rate="1" branch-rate="1">
          <methods>
          </methods>
          <lines>
            <line number="1" hits="2" branch="false"/>
            <line number="4" hits="2" branch="false"/>
            <line number="6" hits="2" branch="false"/>
            <line number="9" hits="2" branch="false"/>
            <line number="12" hits="2" branch="false"/>
          </lines>
        </class>
      </classes>
    </package>
    <package name="src.repositories" line-rate="0.44439999999999996" branch-rate="0">
      <classes>
        <class name="instruments.ts" filename="src/repositories/instruments.ts" line-rate="0.4" branch-rate="0">
          <methods>
            <method name="(anonymous_0)" hits="0" signature="()V">
              <lines>
                <line number="5" hits="0"/>
              </lines>
            </method>
            <method name="(anonymous_1)" hits="0" signature="()V">
              <lines>
                <line number="36" hits="0"/>
              </lines>
            </method>
            <method name="(anonymous_2)" hits="0" signature="()V">
              <lines>
                <line number="48" hits="0"/>
              </lines>
            </method>
          </methods>
          <lines>
            <line number="1" hits="2" branch="false"/>
            <line number="2" hits="2" branch="false"/>
            <line number="3" hits="2" branch="false"/>
            <line number="5" hits="2" branch="false"/>
            <line number="19" hits="0" branch="true" condition-coverage="0% (0/2)"/>
            <line number="22" hits="0" branch="false"/>
            <line number="33" hits="0" branch="false"/>
            <line number="36" hits="2" branch="false"/>
            <line number="37" hits="0" branch="true" condition-coverage="0% (0/2)"/>
            <line number="40" hits="0" branch="false"/>
            <line number="45" hits="0" branch="false"/>
            <line number="48" hits="2" branch="false"/>
            <line number="49" hits="0" branch="true" condition-coverage="0% (0/2)"/>
            <line number="52" hits="0" branch="false"/>
            <line number="57" hits="0" branch="false"/>
          </lines>
        </class>
        <class name="marketData.ts" filename="src/repositories/marketData.ts" line-rate="0.5555" branch-rate="0">
          <methods>
            <method name="(anonymous_0)" hits="0" signature="()V">
              <lines>
                <line number="5" hits="0"/>
              </lines>
            </method>
            <method name="(anonymous_1)" hits="0" signature="()V">
              <lines>
                <line number="19" hits="0"/>
              </lines>
            </method>
          </methods>
          <lines>
            <line number="1" hits="2" branch="false"/>
            <line number="2" hits="2" branch="false"/>
            <line number="3" hits="2" branch="false"/>
            <line number="5" hits="2" branch="false"/>
            <line number="9" hits="0" branch="true" condition-coverage="0% (0/2)"/>
            <line number="12" hits="0" branch="false"/>
            <line number="19" hits="2" branch="false"/>
            <line number="20" hits="0" branch="true" condition-coverage="0% (0/2)"/>
            <line number="23" hits="0" branch="false"/>
          </lines>
        </class>
        <class name="orders.ts" filename="src/repositories/orders.ts" line-rate="0.4" branch-rate="0">
          <methods>
            <method name="(anonymous_0)" hits="0" signature="()V">
              <lines>
                <line number="6" hits="0"/>
              </lines>
            </method>
            <method name="(anonymous_1)" hits="0" signature="()V">
              <lines>
                <line number="20" hits="0"/>
              </lines>
            </method>
            <method name="(anonymous_2)" hits="0" signature="()V">
              <lines>
                <line number="35" hits="0"/>
              </lines>
            </method>
          </methods>
          <lines>
            <line number="2" hits="2" branch="false"/>
            <line number="3" hits="2" branch="false"/>
            <line number="4" hits="2" branch="false"/>
            <line number="6" hits="2" branch="false"/>
            <line number="10" hits="0" branch="false"/>
            <line number="11" hits="0" branch="true" condition-coverage="0% (0/2)"/>
            <line number="14" hits="0" branch="false"/>
            <line number="16" hits="0" branch="false"/>
            <line number="20" hits="2" branch="false"/>
            <line number="21" hits="0" branch="false"/>
            <line number="22" hits="0" branch="true" condition-coverage="0% (0/2)"/>
            <line number="25" hits="0" branch="false"/>
            <line number="31" hits="0" branch="false"/>
            <line number="35" hits="2" branch="false"/>
            <line number="36" hits="0" branch="false"/>
          </lines>
        </class>
        <class name="users.ts" filename="src/repositories/users.ts" line-rate="0.5" branch-rate="0">
          <methods>
            <method name="(anonymous_0)" hits="0" signature="()V">
              <lines>
                <line number="5" hits="0"/>
              </lines>
            </method>
          </methods>
          <lines>
            <line number="2" hits="1" branch="false"/>
            <line number="3" hits="1" branch="false"/>
            <line number="5" hits="1" branch="false"/>
            <line number="6" hits="0" branch="true" condition-coverage="0% (0/2)"/>
            <line number="9" hits="0" branch="false"/>
            <line number="10" hits="0" branch="false"/>
          </lines>
        </class>
      </classes>
    </package>
    <package name="src.routes" line-rate="1" branch-rate="1">
      <classes>
        <class name="index.ts" filename="src/routes/index.ts" line-rate="1" branch-rate="1">
          <methods>
          </methods>
          <lines>
            <line number="1" hits="2" branch="false"/>
            <line number="2" hits="2" branch="false"/>
            <line number="3" hits="2" branch="false"/>
            <line number="8" hits="2" branch="false"/>
            <line number="9" hits="2" branch="false"/>
            <line number="11" hits="2" branch="false"/>
            <line number="13" hits="2" branch="false"/>
            <line number="14" hits="2" branch="false"/>
            <line number="15" hits="2" branch="false"/>
            <line number="17" hits="2" branch="false"/>
          </lines>
        </class>
      </classes>
    </package>
    <package name="src.schemas" line-rate="1" branch-rate="1">
      <classes>
        <class name="instrumentsSchemas.ts" filename="src/schemas/instrumentsSchemas.ts" line-rate="1" branch-rate="1">
          <methods>
          </methods>
          <lines>
            <line number="1" hits="2" branch="false"/>
            <line number="3" hits="2" branch="false"/>
          </lines>
        </class>
        <class name="ordersSchemas.ts" filename="src/schemas/ordersSchemas.ts" line-rate="1" branch-rate="1">
          <methods>
          </methods>
          <lines>
            <line number="1" hits="2" branch="false"/>
            <line number="2" hits="2" branch="false"/>
            <line number="4" hits="2" branch="false"/>
          </lines>
        </class>
        <class name="portfoliosSchemas.ts" filename="src/schemas/portfoliosSchemas.ts" line-rate="1" branch-rate="1">
          <methods>
          </methods>
          <lines>
            <line number="1" hits="2" branch="false"/>
            <line number="3" hits="2" branch="false"/>
          </lines>
        </class>
      </classes>
    </package>
    <package name="src.services" line-rate="0.62" branch-rate="0.3">
      <classes>
        <class name="instrumentsServices.ts" filename="src/services/instrumentsServices.ts" line-rate="1" branch-rate="1">
          <methods>
            <method name="(anonymous_0)" hits="7" signature="()V">
              <lines>
                <line number="4" hits="7"/>
              </lines>
            </method>
          </methods>
          <lines>
            <line number="2" hits="2" branch="false"/>
            <line number="4" hits="2" branch="false"/>
            <line number="15" hits="7" branch="false"/>
            <line number="21" hits="6" branch="false"/>
            <line number="24" hits="2" branch="false"/>
          </lines>
        </class>
        <class name="orderServices.ts" filename="src/services/orderServices.ts" line-rate="0.1739" branch-rate="0">
          <methods>
            <method name="(anonymous_0)" hits="0" signature="()V">
              <lines>
                <line number="11" hits="0"/>
              </lines>
            </method>
            <method name="(anonymous_1)" hits="0" signature="()V">
              <lines>
                <line number="15" hits="0"/>
              </lines>
            </method>
            <method name="(anonymous_2)" hits="0" signature="()V">
              <lines>
                <line number="17" hits="0"/>
              </lines>
            </method>
            <method name="(anonymous_3)" hits="0" signature="()V">
              <lines>
                <line number="18" hits="0"/>
              </lines>
            </method>
            <method name="(anonymous_4)" hits="0" signature="()V">
              <lines>
                <line number="20" hits="0"/>
              </lines>
            </method>
            <method name="(anonymous_5)" hits="0" signature="()V">
              <lines>
                <line number="21" hits="0"/>
              </lines>
            </method>
            <method name="(anonymous_6)" hits="0" signature="()V">
              <lines>
                <line number="23" hits="0"/>
              </lines>
            </method>
            <method name="(anonymous_7)" hits="0" signature="()V">
              <lines>
                <line number="24" hits="0"/>
              </lines>
            </method>
            <method name="(anonymous_8)" hits="0" signature="()V">
              <lines>
                <line number="26" hits="0"/>
              </lines>
            </method>
            <method name="(anonymous_9)" hits="0" signature="()V">
              <lines>
                <line number="27" hits="0"/>
              </lines>
            </method>
            <method name="(anonymous_10)" hits="0" signature="()V">
              <lines>
                <line number="31" hits="0"/>
              </lines>
            </method>
            <method name="(anonymous_11)" hits="0" signature="()V">
              <lines>
                <line number="69" hits="0"/>
              </lines>
            </method>
            <method name="(anonymous_12)" hits="0" signature="()V">
              <lines>
                <line number="80" hits="0"/>
              </lines>
            </method>
            <method name="(anonymous_13)" hits="0" signature="()V">
              <lines>
                <line number="81" hits="0"/>
              </lines>
            </method>
            <method name="(anonymous_14)" hits="0" signature="()V">
              <lines>
                <line number="109" hits="0"/>
              </lines>
            </method>
            <method name="(anonymous_15)" hits="0" signature="()V">
              <lines>
                <line number="110" hits="0"/>
              </lines>
            </method>
          </methods>
          <lines>
            <line number="1" hits="2" branch="false"/>
            <line number="2" hits="2" branch="false"/>
            <line number="5" hits="2" branch="false"/>
            <line number="6" hits="2" branch="false"/>
            <line number="7" hits="2" branch="false"/>
            <line number="8" hits="2" branch="false"/>
            <line number="11" hits="2" branch="false"/>
            <line number="12" hits="0" branch="false"/>
            <line number="15" hits="2" branch="false"/>
            <line number="16" hits="0" branch="false"/>
            <line number="17" hits="0" branch="false"/>
            <line number="18" hits="0" branch="false"/>
            <line number="19" hits="0" branch="false"/>
            <line number="20" hits="0" branch="false"/>
            <line number="21" hits="0" branch="false"/>
            <line number="22" hits="0" branch="false"/>
            <line number="23" hits="0" branch="false"/>
            <line number="24" hits="0" branch="false"/>
            <line number="25" hits="0" branch="false"/>
            <line number="26" hits="0" branch="false"/>
            <line number="27" hits="0" branch="false"/>
            <line number="28" hits="0" branch="false"/>
            <line number="31" hits="2" branch="false"/>
            <line number="42" hits="0" branch="false"/>
            <line number="44" hits="0" branch="false"/>
            <line number="46" hits="0" branch="false"/>
            <line number="48" hits="0" branch="true" condition-coverage="0% (0/1)"/>
            <line number="49" hits="0" branch="false"/>
            <line number="52" hits="0" branch="false"/>
            <line number="54" hits="0" branch="false"/>
            <line number="55" hits="0" branch="false"/>
            <line number="56" hits="0" branch="false"/>
            <line number="58" hits="0" branch="true" condition-coverage="0% (0/2)"/>
            <line number="59" hits="0" branch="false"/>
            <line number="61" hits="0" branch="true" condition-coverage="0% (0/2)"/>
            <line number="62" hits="0" branch="false"/>
            <line number="64" hits="0" branch="false"/>
            <line number="69" hits="2" branch="false"/>
            <line number="80" hits="0" branch="false"/>
            <line number="81" hits="0" branch="false"/>
            <line number="82" hits="0" branch="true" condition-coverage="0% (0/1)"/>
            <line number="83" hits="0" branch="false"/>
            <line number="84" hits="0" branch="false"/>
            <line number="86" hits="0" branch="false"/>
            <line number="87" hits="0" branch="false"/>
            <line number="90" hits="0" branch="false"/>
            <line number="91" hits="0" branch="false"/>
            <line number="93" hits="0" branch="true" condition-coverage="0% (0/2)"/>
            <line number="94" hits="0" branch="false"/>
            <line number="96" hits="0" branch="true" condition-coverage="0% (0/2)"/>
            <line number="97" hits="0" branch="false"/>
            <line number="99" hits="0" branch="false"/>
            <line number="104" hits="2" branch="false"/>
            <line number="109" hits="2" branch="false"/>
            <line number="110" hits="0" branch="false"/>
            <line number="111" hits="0" branch="false"/>
            <line number="112" hits="0" branch="true" condition-coverage="0% (0/1)"/>
            <line number="113" hits="0" branch="false"/>
            <line number="116" hits="0" branch="false"/>
            <line number="117" hits="0" branch="true" condition-coverage="0% (0/1)"/>
            <line number="118" hits="0" branch="false"/>
            <line number="121" hits="0" branch="false"/>
            <line number="126" hits="0" branch="false"/>
            <line number="134" hits="0" branch="false"/>
            <line number="136" hits="0" branch="true" condition-coverage="0% (0/1)"/>
            <line number="137" hits="0" branch="false"/>
            <line number="140" hits="0" branch="false"/>
            <line number="142" hits="0" branch="false"/>
            <line number="143" hits="0" branch="false"/>
          </lines>
        </class>
        <class name="portfolioServices.ts" filename="src/services/portfolioServices.ts" line-rate="1" branch-rate="0.8">
          <methods>
            <method name="(anonymous_0)" hits="1" signature="()V">
              <lines>
                <line number="14" hits="1"/>
              </lines>
            </method>
            <method name="(anonymous_1)" hits="7" signature="()V">
              <lines>
                <line number="16" hits="7"/>
              </lines>
            </method>
            <method name="(anonymous_2)" hits="1" signature="()V">
              <lines>
                <line number="17" hits="1"/>
              </lines>
            </method>
            <method name="(anonymous_3)" hits="7" signature="()V">
              <lines>
                <line number="19" hits="7"/>
              </lines>
            </method>
            <method name="(anonymous_4)" hits="1" signature="()V">
              <lines>
                <line number="20" hits="1"/>
              </lines>
            </method>
            <method name="(anonymous_5)" hits="7" signature="()V">
              <lines>
                <line number="22" hits="7"/>
              </lines>
            </method>
            <method name="(anonymous_6)" hits="3" signature="()V">
              <lines>
                <line number="23" hits="3"/>
              </lines>
            </method>
            <method name="(anonymous_7)" hits="7" signature="()V">
              <lines>
                <line number="25" hits="7"/>
              </lines>
            </method>
            <method name="(anonymous_8)" hits="2" signature="()V">
              <lines>
                <line number="26" hits="2"/>
              </lines>
            </method>
            <method name="(anonymous_9)" hits="3" signature="()V">
              <lines>
                <line number="31" hits="3"/>
              </lines>
            </method>
            <method name="(anonymous_10)" hits="5" signature="()V">
              <lines>
                <line number="32" hits="5"/>
              </lines>
            </method>
            <method name="(anonymous_11)" hits="3" signature="()V">
              <lines>
                <line number="33" hits="3"/>
              </lines>
            </method>
            <method name="(anonymous_12)" hits="3" signature="()V">
              <lines>
                <line number="34" hits="3"/>
              </lines>
            </method>
            <method name="(anonymous_13)" hits="3" signature="()V">
              <lines>
                <line number="38" hits="3"/>
              </lines>
            </method>
            <method name="(anonymous_14)" hits="5" signature="()V">
              <lines>
                <line number="43" hits="5"/>
              </lines>
            </method>
            <method name="(anonymous_15)" hits="3" signature="()V">
              <lines>
                <line number="52" hits="3"/>
              </lines>
            </method>
            <method name="(anonymous_16)" hits="1" signature="()V">
              <lines>
                <line number="69" hits="1"/>
              </lines>
            </method>
            <method name="(anonymous_17)" hits="3" signature="()V">
              <lines>
                <line number="75" hits="3"/>
              </lines>
            </method>
            <method name="(anonymous_18)" hits="6" signature="()V">
              <lines>
                <line number="76" hits="6"/>
              </lines>
            </method>
            <method name="(anonymous_19)" hits="21" signature="()V">
              <lines>
                <line number="77" hits="21"/>
              </lines>
            </method>
            <method name="(anonymous_20)" hits="18" signature="()V">
              <lines>
                <line number="79" hits="18"/>
              </lines>
            </method>
            <method name="(anonymous_21)" hits="4" signature="()V">
              <lines>
                <line number="88" hits="4"/>
              </lines>
            </method>
            <method name="(anonymous_22)" hits="4" signature="()V">
              <lines>
                <line number="91" hits="4"/>
              </lines>
            </method>
            <method name="(anonymous_23)" hits="7" signature="()V">
              <lines>
                <line number="105" hits="7"/>
              </lines>
            </method>
            <method name="(anonymous_24)" hits="4" signature="()V">
              <lines>
                <line number="111" hits="4"/>
              </lines>
            </method>
            <method name="(anonymous_25)" hits="1" signature="()V">
              <lines>
                <line number="112" hits="1"/>
              </lines>
            </method>
            <method name="(anonymous_26)" hits="4" signature="()V">
              <lines>
                <line number="114" hits="4"/>
              </lines>
            </method>
            <method name="(anonymous_27)" hits="3" signature="()V">
              <lines>
                <line number="120" hits="3"/>
              </lines>
            </method>
          </methods>
          <lines>
            <line number="1" hits="2" branch="false"/>
            <line number="2" hits="2" branch="false"/>
            <line number="3" hits="2" branch="false"/>
            <line number="5" hits="2" branch="false"/>
            <line number="6" hits="2" branch="false"/>
            <line number="8" hits="2" branch="false"/>
            <line number="10" hits="2" branch="false"/>
            <line number="11" hits="2" branch="false"/>
            <line number="12" hits="2" branch="false"/>
            <line number="14" hits="2" branch="false"/>
            <line number="15" hits="1" branch="false"/>
            <line number="16" hits="7" branch="false"/>
            <line number="17" hits="1" branch="false"/>
            <line number="18" hits="1" branch="false"/>
            <line number="19" hits="7" branch="false"/>
            <line number="20" hits="1" branch="false"/>
            <line number="21" hits="1" branch="false"/>
            <line number="22" hits="7" branch="false"/>
            <line number="23" hits="3" branch="false"/>
            <line number="24" hits="1" branch="false"/>
            <line number="25" hits="7" branch="false"/>
            <line number="26" hits="2" branch="false"/>
            <line number="28" hits="1" branch="false"/>
            <line number="31" hits="2" branch="false"/>
            <line number="32" hits="5" branch="false"/>
            <line number="33" hits="3" branch="false"/>
            <line number="34" hits="3" branch="false"/>
            <line number="35" hits="3" branch="true" condition-coverage="50% (1/2)"/>
            <line number="38" hits="2" branch="false"/>
            <line number="43" hits="3" branch="false"/>
            <line number="44" hits="5" branch="true" condition-coverage="100% (1/1)"/>
            <line number="45" hits="3" branch="false"/>
            <line number="47" hits="2" branch="false"/>
            <line number="49" hits="3" branch="false"/>
            <line number="51" hits="3" branch="false"/>
            <line number="52" hits="3" branch="false"/>
            <line number="55" hits="3" branch="false"/>
            <line number="57" hits="3" branch="false"/>
            <line number="59" hits="3" branch="false"/>
            <line number="69" hits="2" branch="false"/>
            <line number="75" hits="1" branch="false"/>
            <line number="76" hits="6" branch="false"/>
            <line number="77" hits="21" branch="false"/>
            <line number="78" hits="3" branch="false"/>
            <line number="79" hits="18" branch="false"/>
            <line number="81" hits="3" branch="false"/>
            <line number="82" hits="3" branch="false"/>
            <line number="85" hits="1" branch="false"/>
            <line number="88" hits="2" branch="false"/>
            <line number="89" hits="4" branch="false"/>
            <line number="91" hits="4" branch="false"/>
            <line number="92" hits="4" branch="false"/>
            <line number="93" hits="3" branch="true" condition-coverage="100% (1/1)"/>
            <line number="94" hits="1" branch="false"/>
            <line number="97" hits="2" branch="false"/>
            <line number="98" hits="2" branch="true" condition-coverage="100% (1/1)"/>
            <line number="99" hits="1" branch="false"/>
            <line number="100" hits="1" branch="false"/>
            <line number="101" hits="1" branch="false"/>
            <line number="102" hits="1" branch="false"/>
            <line number="105" hits="7" branch="false"/>
            <line number="106" hits="1" branch="false"/>
            <line number="107" hits="1" branch="false"/>
            <line number="108" hits="1" branch="false"/>
            <line number="110" hits="1" branch="false"/>
            <line number="111" hits="4" branch="false"/>
            <line number="112" hits="1" branch="false"/>
            <line number="113" hits="1" branch="false"/>
            <line number="114" hits="4" branch="false"/>
            <line number="117" hits="1" branch="false"/>
            <line number="118" hits="1" branch="false"/>
            <line number="120" hits="3" branch="false"/>
            <line number="122" hits="1" branch="false"/>
            <line number="123" hits="1" branch="false"/>
            <line number="124" hits="1" branch="false"/>
            <line number="126" hits="2" branch="false"/>
          </lines>
        </class>
      </classes>
    </package>
    <package name="src.utils" line-rate="0.9444" branch-rate="0.5">
      <classes>
        <class name="commons.ts" filename="src/utils/commons.ts" line-rate="1" branch-rate="1">
          <methods>
            <method name="(anonymous_0)" hits="3" signature="()V">
              <lines>
                <line number="1" hits="3"/>
              </lines>
            </method>
          </methods>
          <lines>
            <line number="1" hits="2" branch="true" condition-coverage="100% (1/1)"/>
            <line number="2" hits="3" branch="false"/>
            <line number="3" hits="3" branch="false"/>
          </lines>
        </class>
        <class name="errors.ts" filename="src/utils/errors.ts" line-rate="0.9333" branch-rate="0">
          <methods>
            <method name="(anonymous_0)" hits="16" signature="()V">
              <lines>
                <line number="5" hits="16"/>
              </lines>
            </method>
            <method name="(anonymous_1)" hits="10" signature="()V">
              <lines>
                <line number="6" hits="10"/>
              </lines>
            </method>
          </methods>
          <lines>
            <line number="1" hits="4" branch="false"/>
            <line number="5" hits="4" branch="false"/>
            <line number="6" hits="16" branch="false"/>
            <line number="7" hits="10" branch="false"/>
            <line number="13" hits="10" branch="true" condition-coverage="0% (0/1)"/>
            <line number="14" hits="0" branch="false"/>
            <line number="17" hits="10" branch="false"/>
            <line number="20" hits="4" branch="false"/>
            <line number="21" hits="4" branch="false"/>
            <line number="26" hits="4" branch="false"/>
            <line number="27" hits="4" branch="false"/>
            <line number="32" hits="4" branch="false"/>
            <line number="33" hits="4" branch="false"/>
            <line number="35" hits="4" branch="false"/>
            <line number="36" hits="4" branch="false"/>
          </lines>
        </class>
      </classes>
    </package>
    <package name="src.validators" line-rate="0" branch-rate="1">
      <classes>
        <class name="userValidator.ts" filename="src/validators/userValidator.ts" line-rate="0" branch-rate="1">
          <methods>
          </methods>
          <lines>
            <line number="1" hits="0" branch="false"/>
            <line number="3" hits="0" branch="false"/>
            <line number="8" hits="0" branch="false"/>
          </lines>
        </class>
      </classes>
    </package>
  </packages>
</coverage>
